Experiment: PSM


--------------------------------------------------
based on accuracy score
Lifelong Accuracy: 0.9827
BWT: 0.0051
FWT: 0.9884
FM: 0.0067
--------------------------------------------------
based on precision score
Lifelong Precision: 0.9611
BWT: 0.0087
FWT: 0.9683
FM: 0.023
--------------------------------------------------
based on recall score
Lifelong Recall: 0.9806
BWT: 0.0
FWT: 0.9987
FM: 0.0
--------------------------------------------------
based on f1 score
Lifelong F1-score: 0.9691
BWT: 0.0047
FWT: 0.983
FM: 0.0121
--------------------------------------------------
based on roc_auc score
Lifelong ROC-AUC: 0.9637
BWT: 0.0112
FWT: 0.9796
FM: 0.0193
