Experiment: PSM


--------------------------------------------------
based on accuracy score
Lifelong Accuracy: 0.9929
BWT: 0.0073
FWT: 0.9938
FM: -0.0038
--------------------------------------------------
based on precision score
Lifelong Precision: 0.9735
BWT: 0.0026
FWT: 0.9798
FM: 0.0116
--------------------------------------------------
based on recall score
Lifelong Recall: 0.9935
BWT: 0.0194
FWT: 0.994
FM: -0.0194
--------------------------------------------------
based on f1 score
Lifelong F1-score: 0.9832
BWT: 0.0121
FWT: 0.9867
FM: -0.0049
--------------------------------------------------
based on roc_auc score
Lifelong ROC-AUC: 0.9911
BWT: 0.0107
FWT: 0.992
FM: -0.0074
