Experiment: PSM


--------------------------------------------------
based on accuracy score
Lifelong Accuracy: 0.9923
BWT: 0.0076
FWT: 0.9928
FM: 0.0031
--------------------------------------------------
based on precision score
Lifelong Precision: 0.97
BWT: 0.001
FWT: 0.9753
FM: 0.0143
--------------------------------------------------
based on recall score
Lifelong Recall: 0.9935
BWT: 0.0196
FWT: 0.994
FM: 0.0
--------------------------------------------------
based on f1 score
Lifelong F1-score: 0.9813
BWT: 0.0112
FWT: 0.9844
FM: 0.0074
--------------------------------------------------
based on roc_auc score
Lifelong ROC-AUC: 0.9908
BWT: 0.0109
FWT: 0.9911
FM: 0.0028
