Experiment: PSM


--------------------------------------------------
based on accuracy score
Lifelong Accuracy: 0.9875
BWT: 0.0018
FWT: 0.9938
FM: 0.0018
--------------------------------------------------
based on precision score
Lifelong Precision: 0.9756
BWT: 0.0059
FWT: 0.9799
FM: 0.0079
--------------------------------------------------
based on recall score
Lifelong Recall: 0.9756
BWT: 0.0
FWT: 0.994
FM: 0.0
--------------------------------------------------
based on f1 score
Lifelong F1-score: 0.9744
BWT: 0.0031
FWT: 0.9868
FM: 0.004
--------------------------------------------------
based on roc_auc score
Lifelong ROC-AUC: 0.9826
BWT: 0.0015
FWT: 0.992
FM: 0.0019
