Experiment: PSM


--------------------------------------------------
based on accuracy score
Lifelong Accuracy: 0.9876
BWT: -0.0004
FWT: 0.9952
FM: 0.0021
--------------------------------------------------
based on precision score
Lifelong Precision: 0.9751
BWT: -0.0041
FWT: 0.9848
FM: 0.0106
--------------------------------------------------
based on recall score
Lifelong Recall: 0.9756
BWT: 0.0
FWT: 0.994
FM: 0.0
--------------------------------------------------
based on f1 score
Lifelong F1-score: 0.9742
BWT: -0.0022
FWT: 0.9893
FM: 0.0055
--------------------------------------------------
based on roc_auc score
Lifelong ROC-AUC: 0.983
BWT: -0.0003
FWT: 0.9933
FM: 0.0019
