Experiment: PSM


--------------------------------------------------
based on accuracy score
Lifelong Accuracy: 0.9929
BWT: 0.0075
FWT: 0.9941
FM: -0.0035
--------------------------------------------------
based on precision score
Lifelong Precision: 0.9738
BWT: 0.003
FWT: 0.9809
FM: 0.0118
--------------------------------------------------
based on recall score
Lifelong Recall: 0.9935
BWT: 0.0196
FWT: 0.994
FM: -0.0196
--------------------------------------------------
based on f1 score
Lifelong F1-score: 0.9834
BWT: 0.0124
FWT: 0.9873
FM: -0.0048
--------------------------------------------------
based on roc_auc score
Lifelong ROC-AUC: 0.9911
BWT: 0.0114
FWT: 0.9922
FM: -0.007
