Experiment: PSM


--------------------------------------------------
based on accuracy score
Lifelong Accuracy: 0.9929
BWT: 0.0057
FWT: 0.9951
FM: -0.0041
--------------------------------------------------
based on precision score
Lifelong Precision: 0.9748
BWT: -0.0034
FWT: 0.9844
FM: 0.0089
--------------------------------------------------
based on recall score
Lifelong Recall: 0.9935
BWT: 0.0196
FWT: 0.994
FM: -0.0196
--------------------------------------------------
based on f1 score
Lifelong F1-score: 0.9839
BWT: 0.009
FWT: 0.989
FM: -0.0063
--------------------------------------------------
based on roc_auc score
Lifelong ROC-AUC: 0.9911
BWT: 0.0089
FWT: 0.9934
FM: -0.0076
