Experiment: PSM


--------------------------------------------------
based on accuracy score
Lifelong Accuracy: 0.9928
BWT: 0.0175
FWT: 0.9936
FM: -0.0035
--------------------------------------------------
based on precision score
Lifelong Precision: 0.9731
BWT: 0.001
FWT: 0.9793
FM: 0.0119
--------------------------------------------------
based on recall score
Lifelong Recall: 0.9935
BWT: 0.052
FWT: 0.994
FM: -0.0196
--------------------------------------------------
based on f1 score
Lifelong F1-score: 0.983
BWT: 0.0352
FWT: 0.9864
FM: -0.0048
--------------------------------------------------
based on roc_auc score
Lifelong ROC-AUC: 0.9911
BWT: 0.0265
FWT: 0.9919
FM: -0.0071
