Experiment: SMAP


--------------------------------------------------
based on accuracy score
Lifelong Accuracy: 0.9405
BWT: 0.0543
FWT: 0.9288
FM: 0.0001
--------------------------------------------------
based on precision score
Lifelong Precision: 0.7958
BWT: 0.0969
FWT: 0.7514
FM: 0.0001
--------------------------------------------------
based on recall score
Lifelong Recall: 0.9434
BWT: 0.0983
FWT: 0.9279
FM: 0.0
--------------------------------------------------
based on f1 score
Lifelong F1-score: 0.844
BWT: 0.1002
FWT: 0.8128
FM: 0.0001
--------------------------------------------------
based on roc_auc score
Lifelong ROC-AUC: 0.9383
BWT: 0.0506
FWT: 0.9281
FM: 0.0
