Experiment: SMAP


--------------------------------------------------
based on accuracy score
Lifelong Accuracy: 0.9138
BWT: 0.0242
FWT: 0.9293
FM: 0.0404
--------------------------------------------------
based on precision score
Lifelong Precision: 0.7416
BWT: 0.0355
FWT: 0.7518
FM: 0.0589
--------------------------------------------------
based on recall score
Lifelong Recall: 0.895
BWT: 0.0476
FWT: 0.9279
FM: 0.0692
--------------------------------------------------
based on f1 score
Lifelong F1-score: 0.7887
BWT: 0.0396
FWT: 0.8144
FM: 0.0717
--------------------------------------------------
based on roc_auc score
Lifelong ROC-AUC: 0.9113
BWT: 0.021
FWT: 0.9282
FM: 0.0385
