Experiment: SMAP


--------------------------------------------------
based on accuracy score
Lifelong Accuracy: 0.941
BWT: 0.0377
FWT: 0.9312
FM: 0.0
--------------------------------------------------
based on precision score
Lifelong Precision: 0.7989
BWT: 0.0847
FWT: 0.7605
FM: 0.0
--------------------------------------------------
based on recall score
Lifelong Recall: 0.9434
BWT: 0.0768
FWT: 0.9279
FM: 0.0
--------------------------------------------------
based on f1 score
Lifelong F1-score: 0.8469
BWT: 0.0781
FWT: 0.8213
FM: 0.0
--------------------------------------------------
based on roc_auc score
Lifelong ROC-AUC: 0.9383
BWT: 0.0373
FWT: 0.9294
FM: 0.0
