Experiment: SMAP


--------------------------------------------------
based on accuracy score
Lifelong Accuracy: 0.9461
BWT: 0.0417
FWT: 0.9284
FM: 0.0071
--------------------------------------------------
based on precision score
Lifelong Precision: 0.7778
BWT: 0.0488
FWT: 0.749
FM: 0.0191
--------------------------------------------------
based on recall score
Lifelong Recall: 0.961
BWT: 0.0691
FWT: 0.9279
FM: 0.0049
--------------------------------------------------
based on f1 score
Lifelong F1-score: 0.8418
BWT: 0.0617
FWT: 0.8119
FM: 0.0168
--------------------------------------------------
based on roc_auc score
Lifelong ROC-AUC: 0.9441
BWT: 0.0349
FWT: 0.9278
FM: 0.0063
