Experiment: SMAP


--------------------------------------------------
based on accuracy score
Lifelong Accuracy: 0.9258
BWT: 0.0348
FWT: 0.9345
FM: 0.0051
--------------------------------------------------
based on precision score
Lifelong Precision: 0.786
BWT: 0.0769
FWT: 0.7642
FM: 0.0102
--------------------------------------------------
based on recall score
Lifelong Recall: 0.9229
BWT: 0.0768
FWT: 0.9279
FM: 0.0
--------------------------------------------------
based on f1 score
Lifelong F1-score: 0.8239
BWT: 0.0734
FWT: 0.8211
FM: 0.0068
--------------------------------------------------
based on roc_auc score
Lifelong ROC-AUC: 0.9263
BWT: 0.0354
FWT: 0.9321
FM: 0.0037
