Experiment: SMAP


--------------------------------------------------
based on accuracy score
Lifelong Accuracy: 0.9409
BWT: 0.0554
FWT: 0.9283
FM: 0.0
--------------------------------------------------
based on precision score
Lifelong Precision: 0.7988
BWT: 0.101
FWT: 0.7504
FM: 0.0001
--------------------------------------------------
based on recall score
Lifelong Recall: 0.9426
BWT: 0.0975
FWT: 0.9279
FM: 0.0009
--------------------------------------------------
based on f1 score
Lifelong F1-score: 0.8466
BWT: 0.1033
FWT: 0.8121
FM: 0.0001
--------------------------------------------------
based on roc_auc score
Lifelong ROC-AUC: 0.938
BWT: 0.0509
FWT: 0.9277
FM: 0.0
