Experiment: SMAP


--------------------------------------------------
based on accuracy score
Lifelong Accuracy: 0.941
BWT: 0.0559
FWT: 0.9279
FM: 0.0
--------------------------------------------------
based on precision score
Lifelong Precision: 0.7989
BWT: 0.1017
FWT: 0.7498
FM: 0.0001
--------------------------------------------------
based on recall score
Lifelong Recall: 0.9434
BWT: 0.0983
FWT: 0.9279
FM: 0.0
--------------------------------------------------
based on f1 score
Lifelong F1-score: 0.8468
BWT: 0.104
FWT: 0.8117
FM: 0.0001
--------------------------------------------------
based on roc_auc score
Lifelong ROC-AUC: 0.9383
BWT: 0.0515
FWT: 0.9275
FM: 0.0
