Experiment: SMAP


--------------------------------------------------
based on accuracy score
Lifelong Accuracy: 0.9408
BWT: 0.053
FWT: 0.9302
FM: 0.0007
--------------------------------------------------
based on precision score
Lifelong Precision: 0.7967
BWT: 0.0929
FWT: 0.7536
FM: 0.0015
--------------------------------------------------
based on recall score
Lifelong Recall: 0.9434
BWT: 0.0983
FWT: 0.9279
FM: 0.0
--------------------------------------------------
based on f1 score
Lifelong F1-score: 0.8454
BWT: 0.0973
FWT: 0.8146
FM: 0.0009
--------------------------------------------------
based on roc_auc score
Lifelong ROC-AUC: 0.9383
BWT: 0.0497
FWT: 0.929
FM: 0.0006
