Experiment: SMAP


--------------------------------------------------
based on accuracy score
Lifelong Accuracy: 0.9356
BWT: 0.0511
FWT: 0.9279
FM: 0.0005
--------------------------------------------------
based on precision score
Lifelong Precision: 0.7826
BWT: 0.087
FWT: 0.7497
FM: 0.0004
--------------------------------------------------
based on recall score
Lifelong Recall: 0.9434
BWT: 0.0983
FWT: 0.9279
FM: 0.0
--------------------------------------------------
based on f1 score
Lifelong F1-score: 0.8338
BWT: 0.093
FWT: 0.8116
FM: -0.0001
--------------------------------------------------
based on roc_auc score
Lifelong ROC-AUC: 0.935
BWT: 0.0485
FWT: 0.9274
FM: 0.0006
