Experiment: SMAP


--------------------------------------------------
based on accuracy score
Lifelong Accuracy: 0.941
BWT: 0.0301
FWT: 0.9324
FM: 0.0007
--------------------------------------------------
based on precision score
Lifelong Precision: 0.7989
BWT: 0.0483
FWT: 0.7622
FM: 0.001
--------------------------------------------------
based on recall score
Lifelong Recall: 0.9434
BWT: 0.0507
FWT: 0.9322
FM: 0.0
--------------------------------------------------
based on f1 score
Lifelong F1-score: 0.8468
BWT: 0.05
FWT: 0.8237
FM: 0.0006
--------------------------------------------------
based on roc_auc score
Lifelong ROC-AUC: 0.9383
BWT: 0.0252
FWT: 0.9311
FM: 0.0006
