Experiment: SWaT


--------------------------------------------------
based on accuracy score
Lifelong Accuracy: 0.6617
BWT: -0.2426
FWT: 0.9498
FM: 0.3493
--------------------------------------------------
based on precision score
Lifelong Precision: 0.0
BWT: -0.5148
FWT: 0.7077
FM: 0.9833
--------------------------------------------------
based on recall score
Lifelong Recall: 0.0
BWT: -0.5262
FWT: 0.7282
FM: 0.9971
--------------------------------------------------
based on f1 score
Lifelong F1-score: 0.0
BWT: -0.5205
FWT: 0.7157
FM: 0.9901
--------------------------------------------------
based on roc_auc score
Lifelong ROC-AUC: 0.5
BWT: -0.2578
FWT: 0.86
FM: 0.4951
