Experiment: SWaT


--------------------------------------------------
based on accuracy score
Lifelong Accuracy: 0.9911
BWT: 0.0089
FWT: 0.9841
FM: 0.0028
--------------------------------------------------
based on precision score
Lifelong Precision: 0.9551
BWT: 0.0368
FWT: 0.9071
FM: 0.0089
--------------------------------------------------
based on recall score
Lifelong Recall: 0.9973
BWT: 0.0
FWT: 0.9737
FM: 0.0001
--------------------------------------------------
based on f1 score
Lifelong F1-score: 0.9744
BWT: 0.0206
FWT: 0.9354
FM: 0.0045
--------------------------------------------------
based on roc_auc score
Lifelong ROC-AUC: 0.9924
BWT: 0.0065
FWT: 0.9789
FM: 0.0023
