Experiment: SWaT


--------------------------------------------------
based on accuracy score
Lifelong Accuracy: 0.981
BWT: 0.0001
FWT: 0.9726
FM: 0.0
--------------------------------------------------
based on precision score
Lifelong Precision: 0.907
BWT: 0.0005
FWT: 0.8547
FM: 0.0001
--------------------------------------------------
based on recall score
Lifelong Recall: 0.8926
BWT: 0.0
FWT: 0.8373
FM: 0.0
--------------------------------------------------
based on f1 score
Lifelong F1-score: 0.8937
BWT: 0.0001
FWT: 0.8372
FM: 0.0001
--------------------------------------------------
based on roc_auc score
Lifelong ROC-AUC: 0.9424
BWT: 0.0
FWT: 0.9139
FM: 0.0
