Experiment: SWaT


--------------------------------------------------
based on accuracy score
Lifelong Accuracy: 0.986
BWT: 0.0257
FWT: 0.9843
FM: 0.0086
--------------------------------------------------
based on precision score
Lifelong Precision: 0.9408
BWT: 0.0662
FWT: 0.9276
FM: 0.0232
--------------------------------------------------
based on recall score
Lifelong Recall: 0.9934
BWT: 0.0486
FWT: 0.9653
FM: 0.0042
--------------------------------------------------
based on f1 score
Lifelong F1-score: 0.9637
BWT: 0.0582
FWT: 0.9412
FM: 0.014
--------------------------------------------------
based on roc_auc score
Lifelong ROC-AUC: 0.9876
BWT: 0.0254
FWT: 0.9768
FM: 0.0078
