Experiment: SWaT


--------------------------------------------------
based on accuracy score
Lifelong Accuracy: 0.9846
BWT: 0.0056
FWT: 0.972
FM: 0.0068
--------------------------------------------------
based on precision score
Lifelong Precision: 0.9418
BWT: 0.0202
FWT: 0.8985
FM: 0.0082
--------------------------------------------------
based on recall score
Lifelong Recall: 0.9899
BWT: 0.021
FWT: 0.922
FM: 0.0079
--------------------------------------------------
based on f1 score
Lifelong F1-score: 0.9626
BWT: 0.0235
FWT: 0.8981
FM: 0.0082
--------------------------------------------------
based on roc_auc score
Lifelong ROC-AUC: 0.986
BWT: 0.0128
FWT: 0.9527
FM: 0.007
