Experiment: SWaT


--------------------------------------------------
based on accuracy score
Lifelong Accuracy: 0.9844
BWT: 0.0007
FWT: 0.9865
FM: 0.0114
--------------------------------------------------
based on precision score
Lifelong Precision: 0.8989
BWT: -0.0217
FWT: 0.9213
FM: 0.0719
--------------------------------------------------
based on recall score
Lifelong Recall: 0.9498
BWT: -0.0525
FWT: 0.9652
FM: 0.0527
--------------------------------------------------
based on f1 score
Lifelong F1-score: 0.9215
BWT: -0.0354
FWT: 0.9388
FM: 0.0626
--------------------------------------------------
based on roc_auc score
Lifelong ROC-AUC: 0.9655
BWT: -0.0234
FWT: 0.9764
FM: 0.0326
