Experiment: SWaT


--------------------------------------------------
based on accuracy score
Lifelong Accuracy: 0.9811
BWT: 0.0
FWT: 0.9727
FM: 0.0001
--------------------------------------------------
based on precision score
Lifelong Precision: 0.9074
BWT: 0.0002
FWT: 0.8552
FM: 0.0005
--------------------------------------------------
based on recall score
Lifelong Recall: 0.8926
BWT: 0.0
FWT: 0.8373
FM: 0.0
--------------------------------------------------
based on f1 score
Lifelong F1-score: 0.8939
BWT: -0.0
FWT: 0.8372
FM: 0.0001
--------------------------------------------------
based on roc_auc score
Lifelong ROC-AUC: 0.9425
BWT: 0.0
FWT: 0.914
FM: 0.0
