Experiment: SWaT


--------------------------------------------------
based on accuracy score
Lifelong Accuracy: 0.9878
BWT: 0.0031
FWT: 0.9855
FM: 0.0075
--------------------------------------------------
based on precision score
Lifelong Precision: 0.9431
BWT: 0.0196
FWT: 0.9232
FM: 0.025
--------------------------------------------------
based on recall score
Lifelong Recall: 0.9972
BWT: -0.0001
FWT: 0.9585
FM: 0.0002
--------------------------------------------------
based on f1 score
Lifelong F1-score: 0.967
BWT: 0.0109
FWT: 0.9362
FM: 0.0128
--------------------------------------------------
based on roc_auc score
Lifelong ROC-AUC: 0.9896
BWT: 0.0017
FWT: 0.9738
FM: 0.0063
