Experiment: MSL


--------------------------------------------------
based on accuracy score
Lifelong Accuracy: 0.9729
BWT: -0.0
FWT: 0.9658
FM: 0.0
--------------------------------------------------
based on precision score
Lifelong Precision: 0.9139
BWT: -0.0001
FWT: 0.8887
FM: 0.0001
--------------------------------------------------
based on recall score
Lifelong Recall: 0.9431
BWT: 0.0
FWT: 0.9253
FM: 0.0
--------------------------------------------------
based on f1 score
Lifelong F1-score: 0.9256
BWT: -0.0001
FWT: 0.9035
FM: 0.0001
--------------------------------------------------
based on roc_auc score
Lifelong ROC-AUC: 0.9602
BWT: -0.0
FWT: 0.9492
FM: 0.0
