Experiment: MSL


--------------------------------------------------
based on accuracy score
Lifelong Accuracy: 0.9735
BWT: 0.0
FWT: 0.9661
FM: 0.0003
--------------------------------------------------
based on precision score
Lifelong Precision: 0.9171
BWT: 0.0
FWT: 0.8914
FM: 0.0015
--------------------------------------------------
based on recall score
Lifelong Recall: 0.9431
BWT: 0.0
FWT: 0.9253
FM: 0.0
--------------------------------------------------
based on f1 score
Lifelong F1-score: 0.9273
BWT: 0.0
FWT: 0.905
FM: 0.0009
--------------------------------------------------
based on roc_auc score
Lifelong ROC-AUC: 0.9606
BWT: 0.0
FWT: 0.9494
FM: 0.0002
