Experiment: MSL


--------------------------------------------------
based on accuracy score
Lifelong Accuracy: 0.9729
BWT: -0.0002
FWT: 0.9659
FM: 0.0004
--------------------------------------------------
based on precision score
Lifelong Precision: 0.9143
BWT: -0.0007
FWT: 0.8897
FM: 0.0017
--------------------------------------------------
based on recall score
Lifelong Recall: 0.9431
BWT: 0.0
FWT: 0.9253
FM: 0.0
--------------------------------------------------
based on f1 score
Lifelong F1-score: 0.9259
BWT: -0.0004
FWT: 0.9041
FM: 0.001
--------------------------------------------------
based on roc_auc score
Lifelong ROC-AUC: 0.9603
BWT: -0.0001
FWT: 0.9492
FM: 0.0002
