Experiment: weather


--------------------------------------------------
based on accuracy score
Lifelong Accuracy: 0.8617
BWT: 0.0263
FWT: 0.8356
FM: -0.0053
--------------------------------------------------
based on precision score
Lifelong Precision: 0.9373
BWT: 0.0118
FWT: 0.9376
FM: 0.0016
--------------------------------------------------
based on recall score
Lifelong Recall: 0.8241
BWT: 0.0363
FWT: 0.7827
FM: -0.0073
--------------------------------------------------
based on f1 score
Lifelong F1-score: 0.8767
BWT: 0.0259
FWT: 0.853
FM: -0.0054
--------------------------------------------------
based on roc_auc score
Lifelong ROC-AUC: 0.8708
BWT: 0.024
FWT: 0.8506
FM: -0.0041
