Experiment: weather


--------------------------------------------------
based on accuracy score
Lifelong Accuracy: 0.8561
BWT: 0.0255
FWT: 0.8268
FM: -0.0061
--------------------------------------------------
based on precision score
Lifelong Precision: 0.933
BWT: 0.0132
FWT: 0.9304
FM: 0.0048
--------------------------------------------------
based on recall score
Lifelong Recall: 0.8188
BWT: 0.0337
FWT: 0.7744
FM: -0.0131
--------------------------------------------------
based on f1 score
Lifelong F1-score: 0.8718
BWT: 0.0251
FWT: 0.845
FM: -0.0067
--------------------------------------------------
based on roc_auc score
Lifelong ROC-AUC: 0.8653
BWT: 0.0236
FWT: 0.8419
FM: -0.0042
