Experiment: weather


--------------------------------------------------
based on accuracy score
Lifelong Accuracy: 0.8564
BWT: 0.0244
FWT: 0.8293
FM: -0.0018
--------------------------------------------------
based on precision score
Lifelong Precision: 0.9351
BWT: 0.0146
FWT: 0.9334
FM: 0.0063
--------------------------------------------------
based on recall score
Lifelong Recall: 0.8171
BWT: 0.0302
FWT: 0.7758
FM: -0.0069
--------------------------------------------------
based on f1 score
Lifelong F1-score: 0.8718
BWT: 0.0237
FWT: 0.8471
FM: -0.0025
--------------------------------------------------
based on roc_auc score
Lifelong ROC-AUC: 0.866
BWT: 0.0233
FWT: 0.8447
FM: -0.0001
