Experiment: weather


--------------------------------------------------
based on accuracy score
Lifelong Accuracy: 0.8535
BWT: 0.0224
FWT: 0.8256
FM: -0.0026
--------------------------------------------------
based on precision score
Lifelong Precision: 0.9326
BWT: 0.0114
FWT: 0.9304
FM: 0.0072
--------------------------------------------------
based on recall score
Lifelong Recall: 0.8145
BWT: 0.0298
FWT: 0.7724
FM: -0.008
--------------------------------------------------
based on f1 score
Lifelong F1-score: 0.8691
BWT: 0.0221
FWT: 0.8438
FM: -0.0032
--------------------------------------------------
based on roc_auc score
Lifelong ROC-AUC: 0.8631
BWT: 0.0206
FWT: 0.841
FM: -0.0008
