Experiment: GECCO


--------------------------------------------------
based on accuracy score
Lifelong Accuracy: 0.9797
BWT: 0.0104
FWT: 0.9956
FM: -0.0051
--------------------------------------------------
based on precision score
Lifelong Precision: 0.8248
BWT: 0.0493
FWT: 0.9215
FM: 0.0141
--------------------------------------------------
based on recall score
Lifelong Recall: 0.9623
BWT: 0.045
FWT: 0.9969
FM: -0.045
--------------------------------------------------
based on f1 score
Lifelong F1-score: 0.8652
BWT: 0.0546
FWT: 0.9561
FM: -0.0223
--------------------------------------------------
based on roc_auc score
Lifelong ROC-AUC: 0.9732
BWT: 0.0245
FWT: 0.9963
FM: -0.0217
