Experiment: GECCO


--------------------------------------------------
based on accuracy score
Lifelong Accuracy: 0.973
BWT: 0.0045
FWT: 0.9952
FM: -0.0012
--------------------------------------------------
based on precision score
Lifelong Precision: 0.8002
BWT: 0.0174
FWT: 0.9197
FM: 0.0222
--------------------------------------------------
based on recall score
Lifelong Recall: 0.9454
BWT: 0.0225
FWT: 0.9969
FM: 0.0
--------------------------------------------------
based on f1 score
Lifelong F1-score: 0.8326
BWT: 0.0244
FWT: 0.9536
FM: -0.0032
--------------------------------------------------
based on roc_auc score
Lifelong ROC-AUC: 0.9626
BWT: 0.0119
FWT: 0.996
FM: -0.0035
