Experiment: GECCO


--------------------------------------------------
based on accuracy score
Lifelong Accuracy: 0.9747
BWT: 0.0138
FWT: 0.9956
FM: -0.0075
--------------------------------------------------
based on precision score
Lifelong Precision: 0.8109
BWT: 0.0509
FWT: 0.9162
FM: 0.0195
--------------------------------------------------
based on recall score
Lifelong Recall: 0.9454
BWT: 0.0674
FWT: 0.9969
FM: -0.0674
--------------------------------------------------
based on f1 score
Lifelong F1-score: 0.8429
BWT: 0.0737
FWT: 0.9536
FM: -0.0368
--------------------------------------------------
based on roc_auc score
Lifelong ROC-AUC: 0.9635
BWT: 0.0359
FWT: 0.9963
FM: -0.0324
