Experiment: GECCO


--------------------------------------------------
based on accuracy score
Lifelong Accuracy: 0.9844
BWT: 0.0137
FWT: 0.9972
FM: -0.0083
--------------------------------------------------
based on precision score
Lifelong Precision: 0.8392
BWT: 0.0504
FWT: 0.9522
FM: 0.0146
--------------------------------------------------
based on recall score
Lifelong Recall: 0.9792
BWT: 0.0674
FWT: 0.9969
FM: -0.0674
--------------------------------------------------
based on f1 score
Lifelong F1-score: 0.8854
BWT: 0.0676
FWT: 0.9738
FM: -0.0341
--------------------------------------------------
based on roc_auc score
Lifelong ROC-AUC: 0.9828
BWT: 0.0357
FWT: 0.9971
FM: -0.0328
