Experiment: GECCO


--------------------------------------------------
based on accuracy score
Lifelong Accuracy: 0.9785
BWT: 0.0109
FWT: 0.9959
FM: -0.0043
--------------------------------------------------
based on precision score
Lifelong Precision: 0.8191
BWT: 0.0557
FWT: 0.9266
FM: 0.0167
--------------------------------------------------
based on recall score
Lifelong Recall: 0.9623
BWT: 0.045
FWT: 0.9969
FM: 0.0
--------------------------------------------------
based on f1 score
Lifelong F1-score: 0.8592
BWT: 0.0595
FWT: 0.9589
FM: -0.02
--------------------------------------------------
based on roc_auc score
Lifelong ROC-AUC: 0.9726
BWT: 0.0247
FWT: 0.9964
FM: -0.0064
