Experiment: GECCO


--------------------------------------------------
based on accuracy score
Lifelong Accuracy: 0.9857
BWT: 0.0179
FWT: 0.9958
FM: -0.0114
--------------------------------------------------
based on precision score
Lifelong Precision: 0.8332
BWT: 0.0605
FWT: 0.9252
FM: 0.0106
--------------------------------------------------
based on recall score
Lifelong Recall: 0.996
BWT: 0.0899
FWT: 0.9969
FM: -0.0675
--------------------------------------------------
based on f1 score
Lifelong F1-score: 0.888
BWT: 0.085
FWT: 0.9579
FM: -0.0459
--------------------------------------------------
based on roc_auc score
Lifelong ROC-AUC: 0.9906
BWT: 0.0475
FWT: 0.9963
FM: -0.0398
