Experiment: GECCO


--------------------------------------------------
based on accuracy score
Lifelong Accuracy: 0.9846
BWT: 0.0143
FWT: 0.9956
FM: -0.0081
--------------------------------------------------
based on precision score
Lifelong Precision: 0.8408
BWT: 0.0566
FWT: 0.9226
FM: 0.0124
--------------------------------------------------
based on recall score
Lifelong Recall: 0.9792
BWT: 0.0674
FWT: 0.9969
FM: -0.045
--------------------------------------------------
based on f1 score
Lifelong F1-score: 0.8868
BWT: 0.0716
FWT: 0.9562
FM: -0.0338
--------------------------------------------------
based on roc_auc score
Lifelong ROC-AUC: 0.9829
BWT: 0.0361
FWT: 0.9963
FM: -0.0277
